<?xml version="1.0" encoding="UTF-8"?>
<!-- Generated by org.testng.reporters.JUnitXMLReporter -->
<testsuite ignored="0" hostname="LAPTOP-ODIK6SBS" failures="0" tests="2" name="Default test" time="2.143" errors="0" timestamp="2026-03-02T10:52:16 BDT">
  <testcase classname="Day2.DiffWaysToCreateReqBody_ExternalJsonFile" name="testPostUsingExternalJson" time="2.045"/>
  <testcase classname="Day2.DiffWaysToCreateReqBody_ExternalJsonFile" name="testDelete" time="0.043"/>
</testsuite> <!-- Default test -->
