<?xml version="1.0" encoding="UTF-8"?>
<testng-results ignored="0" total="3" passed="3" failed="0" skipped="0">
  <reporter-output>
  </reporter-output>
  <suite started-at="2026-03-02T23:30:58 BDT" name="Default suite" finished-at="2026-03-02T23:31:01 BDT" duration-ms="3033">
    <groups>
    </groups>
    <test started-at="2026-03-02T23:30:58 BDT" name="Default test" finished-at="2026-03-02T23:31:01 BDT" duration-ms="3033">
      <class name="Day3.Path_QueryParameters">
        <test-method signature="testQueryAndPathParameters()[pri:0, instance:Day3.Path_QueryParameters@e350b40]" started-at="2026-03-02T23:30:58 BDT" name="testQueryAndPathParameters" finished-at="2026-03-02T23:30:59 BDT" duration-ms="1547" status="PASS">
          <reporter-output>
          </reporter-output>
        </test-method> <!-- testQueryAndPathParameters -->
        <test-method signature="queryParamUsingMap()[pri:1, instance:Day3.Path_QueryParameters@e350b40]" started-at="2026-03-02T23:30:59 BDT" name="queryParamUsingMap" finished-at="2026-03-02T23:30:59 BDT" duration-ms="62" status="PASS">
          <reporter-output>
          </reporter-output>
        </test-method> <!-- queryParamUsingMap -->
        <test-method signature="listQueryParam()[pri:2, instance:Day3.Path_QueryParameters@e350b40]" started-at="2026-03-02T23:30:59 BDT" name="listQueryParam" finished-at="2026-03-02T23:31:01 BDT" duration-ms="1374" status="PASS">
          <reporter-output>
          </reporter-output>
        </test-method> <!-- listQueryParam -->
      </class> <!-- Day3.Path_QueryParameters -->
    </test> <!-- Default test -->
  </suite> <!-- Default suite -->
</testng-results>
