<?xml version="1.0" encoding="UTF-8"?>
<!-- Generated by org.testng.reporters.JUnitReportReporter -->
<testsuite hostname="LAPTOP-ODIK6SBS" failures="0" tests="3" name="Day1.HTTPRequest" time="3.949" errors="0" timestamp="2026-03-01T15:45:35 BDT" skipped="0">
  <testcase classname="Day1.HTTPRequest" name="getStudentDetails" time="2.448"/>
  <testcase classname="Day1.HTTPRequest" name="createStudentDetails" time="1.178"/>
  <testcase classname="Day1.HTTPRequest" name="updateStudentDetails" time="0.323"/>
</testsuite> <!-- Day1.HTTPRequest -->
