<?xml version="1.0" encoding="UTF-8"?>
<!-- Generated by org.testng.reporters.JUnitReportReporter -->
<testsuite hostname="LAPTOP-ODIK6SBS" failures="0" tests="2" name="Day2.DiffWaysToCreateReqBody_OrgJSON" time="2.450" errors="0" timestamp="2026-03-02T10:34:08 BDT" skipped="0">
  <testcase classname="Day2.DiffWaysToCreateReqBody_OrgJSON" name="testPostUsingOrgJSON" time="2.408"/>
  <testcase classname="Day2.DiffWaysToCreateReqBody_OrgJSON" name="testDelete" time="0.042"/>
</testsuite> <!-- Day2.DiffWaysToCreateReqBody_OrgJSON -->
