<?xml version="1.0" encoding="UTF-8"?>
<!-- Generated by org.testng.reporters.JUnitReportReporter -->
<testsuite hostname="LAPTOP-ODIK6SBS" failures="0" tests="3" name="Day3.Path_QueryParameters" time="2.983" errors="0" timestamp="2026-03-02T23:31:01 BDT" skipped="0">
  <testcase classname="Day3.Path_QueryParameters" name="testQueryAndPathParameters" time="1.547"/>
  <testcase classname="Day3.Path_QueryParameters" name="queryParamUsingMap" time="0.062"/>
  <testcase classname="Day3.Path_QueryParameters" name="listQueryParam" time="1.374"/>
</testsuite> <!-- Day3.Path_QueryParameters -->
