<?xml version="1.0" encoding="UTF-8"?>
<!-- Generated by org.testng.reporters.JUnitReportReporter -->
<testsuite hostname="LAPTOP-ODIK6SBS" failures="0" tests="2" name="Day2.DiffWaysToCreateReqBody_POJO" time="2.685" errors="0" timestamp="2026-03-02T10:42:55 BDT" skipped="0">
  <testcase classname="Day2.DiffWaysToCreateReqBody_POJO" name="testPostUsingOrgJSON" time="2.641"/>
  <testcase classname="Day2.DiffWaysToCreateReqBody_POJO" name="testDelete" time="0.044"/>
</testsuite> <!-- Day2.DiffWaysToCreateReqBody_POJO -->
