<?xml version="1.0" encoding="UTF-8"?>
<!-- Generated by org.testng.reporters.JUnitReportReporter -->
<testsuite hostname="LAPTOP-ODIK6SBS" failures="0" tests="2" name="Day2.DiffWaysToCreateReqBody" time="3.331" errors="0" timestamp="2026-03-01T23:01:01 BDT" skipped="0">
  <testcase classname="Day2.DiffWaysToCreateReqBody" name="testPostUsingHashmap" time="3.249"/>
  <testcase classname="Day2.DiffWaysToCreateReqBody" name="testDelete" time="0.082"/>
</testsuite> <!-- Day2.DiffWaysToCreateReqBody -->
