<?xml version="1.0" encoding="UTF-8"?>
<!-- Generated by org.testng.reporters.JUnitReportReporter -->
<testsuite hostname="LAPTOP-ODIK6SBS" failures="0" tests="2" name="Day2.DiffWaysToCreateReqBody_ExternalJsonFile" time="2.088" errors="0" timestamp="2026-03-02T10:52:17 BDT" skipped="0">
  <testcase classname="Day2.DiffWaysToCreateReqBody_ExternalJsonFile" name="testPostUsingExternalJson" time="2.045"/>
  <testcase classname="Day2.DiffWaysToCreateReqBody_ExternalJsonFile" name="testDelete" time="0.043"/>
</testsuite> <!-- Day2.DiffWaysToCreateReqBody_ExternalJsonFile -->
